build/app/intermediates/manifest_merge_blame_file/release/manifest-merger-blame-release-report.txt
1<?xml version="1.0" encoding="utf-8"?>
2<manifest xmlns:android="http://schemas.android.com/apk/res/android"
3    package="com.ppmilan.agsolutions"
4    android:versionCode="4005"
5    android:versionName="1.0.4" >
6
7    <uses-sdk
8        android:minSdkVersion="21"
8-->src/main/AndroidManifest.xml
9        android:targetSdkVersion="34" />
9-->src/main/AndroidManifest.xml
10
11    <uses-permission android:name="android.permission.INTERNET" />
11-->src/main/AndroidManifest.xml:2:5-66
11-->src/main/AndroidManifest.xml:2:22-64
12    <uses-permission android:name="android.permission.ACCESS_NETWORK_STATE" />
12-->src/main/AndroidManifest.xml:3:5-79
12-->src/main/AndroidManifest.xml:3:22-76
13
14    <queries>
14-->src/main/AndroidManifest.xml:5:5-20:15
15
16        <!-- If your app checks for SMS support -->
17        <intent>
17-->src/main/AndroidManifest.xml:7:9-10:18
18            <action android:name="android.intent.action.VIEW" />
18-->src/main/AndroidManifest.xml:8:13-65
18-->src/main/AndroidManifest.xml:8:21-62
19
20            <data android:scheme="sms" />
20-->src/main/AndroidManifest.xml:9:13-42
20-->src/main/AndroidManifest.xml:9:19-39
21        </intent>
22        <!-- If your app checks for call support -->
23        <intent>
23-->src/main/AndroidManifest.xml:12:9-15:18
24            <action android:name="android.intent.action.VIEW" />
24-->src/main/AndroidManifest.xml:8:13-65
24-->src/main/AndroidManifest.xml:8:21-62
25
26            <data android:scheme="tel" />
26-->src/main/AndroidManifest.xml:9:13-42
26-->src/main/AndroidManifest.xml:9:19-39
27        </intent>
28        <!-- If your application checks for inAppBrowserView launch mode support -->
29        <intent>
29-->src/main/AndroidManifest.xml:17:9-19:18
30            <action android:name="android.support.customtabs.action.CustomTabsService" />
30-->src/main/AndroidManifest.xml:18:13-90
30-->src/main/AndroidManifest.xml:18:21-87
31        </intent>
32    </queries>
33    <!--
34         Required to query activities that can process text, see:
35         https://developer.android.com/training/package-visibility?hl=en and
36         https://developer.android.com/reference/android/content/Intent#ACTION_PROCESS_TEXT.
37
38         In particular, this is used by the Flutter engine in io.flutter.plugin.text.ProcessTextPlugin.
39    -->
40    <queries>
40-->src/main/AndroidManifest.xml:5:5-20:15
41        <intent>
41-->src/main/AndroidManifest.xml:58:9-61:18
42            <action android:name="android.intent.action.PROCESS_TEXT" />
42-->src/main/AndroidManifest.xml:59:13-72
42-->src/main/AndroidManifest.xml:59:21-70
43
44            <data android:mimeType="text/plain" />
44-->src/main/AndroidManifest.xml:9:13-42
44-->src/main/AndroidManifest.xml:60:19-48
45        </intent>
46    </queries>
47
48    <uses-permission android:name="android.permission.WAKE_LOCK" /> <!-- Permissions options for the `notification` group -->
48-->[:firebase_messaging] AndroidManifest.xml:10:5-68
48-->[:firebase_messaging] AndroidManifest.xml:10:22-65
49    <uses-permission android:name="android.permission.POST_NOTIFICATIONS" /> <!-- Required by older versions of Google Play services to create IID tokens -->
49-->[:firebase_messaging] AndroidManifest.xml:13:5-77
49-->[:firebase_messaging] AndroidManifest.xml:13:22-74
50    <uses-permission android:name="com.google.android.c2dm.permission.RECEIVE" />
50-->[com.google.firebase:firebase-messaging:24.0.1] AndroidManifest.xml:26:5-82
50-->[com.google.firebase:firebase-messaging:24.0.1] AndroidManifest.xml:26:22-79
51    <uses-permission android:name="com.google.android.gms.permission.AD_ID" />
51-->[com.google.android.gms:play-services-measurement-api:22.1.0] AndroidManifest.xml:25:5-79
51-->[com.google.android.gms:play-services-measurement-api:22.1.0] AndroidManifest.xml:25:22-76
52    <uses-permission android:name="android.permission.ACCESS_ADSERVICES_ATTRIBUTION" />
52-->[com.google.android.gms:play-services-measurement-api:22.1.0] AndroidManifest.xml:26:5-88
52-->[com.google.android.gms:play-services-measurement-api:22.1.0] AndroidManifest.xml:26:22-85
53    <uses-permission android:name="android.permission.ACCESS_ADSERVICES_AD_ID" />
53-->[com.google.android.gms:play-services-measurement-api:22.1.0] AndroidManifest.xml:27:5-82
53-->[com.google.android.gms:play-services-measurement-api:22.1.0] AndroidManifest.xml:27:22-79
54    <uses-permission android:name="com.google.android.finsky.permission.BIND_GET_INSTALL_REFERRER_SERVICE" />
54-->[com.google.android.gms:play-services-measurement:22.1.0] AndroidManifest.xml:26:5-110
54-->[com.google.android.gms:play-services-measurement:22.1.0] AndroidManifest.xml:26:22-107
55
56    <permission
56-->[androidx.core:core:1.10.1] AndroidManifest.xml:22:5-24:47
57        android:name="com.ppmilan.agsolutions.DYNAMIC_RECEIVER_NOT_EXPORTED_PERMISSION"
57-->[androidx.core:core:1.10.1] AndroidManifest.xml:23:9-81
58        android:protectionLevel="signature" />
58-->[androidx.core:core:1.10.1] AndroidManifest.xml:24:9-44
59
60    <uses-permission android:name="com.ppmilan.agsolutions.DYNAMIC_RECEIVER_NOT_EXPORTED_PERMISSION" />
60-->[androidx.core:core:1.10.1] AndroidManifest.xml:26:5-97
60-->[androidx.core:core:1.10.1] AndroidManifest.xml:26:22-94
61
62    <application
63        android:name="android.app.Application"
63-->src/main/AndroidManifest.xml:23:9-42
64        android:appComponentFactory="androidx.core.app.CoreComponentFactory"
64-->[androidx.core:core:1.10.1] AndroidManifest.xml:28:18-86
65        android:icon="@mipmap/ic_launcher"
65-->src/main/AndroidManifest.xml:24:9-43
66        android:label="PPMilan" >
66-->src/main/AndroidManifest.xml:22:9-32
67        <activity
67-->src/main/AndroidManifest.xml:25:9-45:20
68            android:name="com.ppmilan.agsolutions.MainActivity"
68-->src/main/AndroidManifest.xml:26:13-41
69            android:configChanges="orientation|keyboardHidden|keyboard|screenSize|smallestScreenSize|locale|layoutDirection|fontScale|screenLayout|density|uiMode"
69-->src/main/AndroidManifest.xml:30:13-163
70            android:exported="true"
70-->src/main/AndroidManifest.xml:27:13-36
71            android:hardwareAccelerated="true"
71-->src/main/AndroidManifest.xml:31:13-47
72            android:launchMode="singleTop"
72-->src/main/AndroidManifest.xml:28:13-43
73            android:theme="@style/LaunchTheme"
73-->src/main/AndroidManifest.xml:29:13-47
74            android:windowSoftInputMode="adjustResize" >
74-->src/main/AndroidManifest.xml:32:13-55
75
76            <!--
77                 Specifies an Android theme to apply to this Activity as soon as
78                 the Android process has started. This theme is visible to the user
79                 while the Flutter UI initializes. After that, this theme continues
80                 to determine the Window background behind the Flutter UI.
81            -->
82            <meta-data
82-->src/main/AndroidManifest.xml:37:13-40:17
83                android:name="io.flutter.embedding.android.NormalTheme"
83-->src/main/AndroidManifest.xml:38:15-70
84                android:resource="@style/NormalTheme" />
84-->src/main/AndroidManifest.xml:39:15-52
85
86            <intent-filter>
86-->src/main/AndroidManifest.xml:41:13-44:29
87                <action android:name="android.intent.action.MAIN" />
87-->src/main/AndroidManifest.xml:42:17-68
87-->src/main/AndroidManifest.xml:42:25-66
88
89                <category android:name="android.intent.category.LAUNCHER" />
89-->src/main/AndroidManifest.xml:43:17-76
89-->src/main/AndroidManifest.xml:43:27-74
90            </intent-filter>
91        </activity>
92        <!--
93             Don't delete the meta-data below.
94             This is used by the Flutter tool to generate GeneratedPluginRegistrant.java
95        -->
96        <meta-data
96-->src/main/AndroidManifest.xml:48:9-50:33
97            android:name="flutterEmbedding"
97-->src/main/AndroidManifest.xml:49:13-44
98            android:value="2" />
98-->src/main/AndroidManifest.xml:50:13-30
99
100        <service
100-->[:firebase_messaging] AndroidManifest.xml:16:9-19:72
101            android:name="io.flutter.plugins.firebase.messaging.FlutterFirebaseMessagingBackgroundService"
101-->[:firebase_messaging] AndroidManifest.xml:17:13-107
102            android:exported="false"
102-->[:firebase_messaging] AndroidManifest.xml:18:13-37
103            android:permission="android.permission.BIND_JOB_SERVICE" />
103-->[:firebase_messaging] AndroidManifest.xml:19:13-69
104        <service
104-->[:firebase_messaging] AndroidManifest.xml:20:9-26:19
105            android:name="io.flutter.plugins.firebase.messaging.FlutterFirebaseMessagingService"
105-->[:firebase_messaging] AndroidManifest.xml:21:13-97
106            android:exported="false" >
106-->[:firebase_messaging] AndroidManifest.xml:22:13-37
107            <intent-filter>
107-->[:firebase_messaging] AndroidManifest.xml:23:13-25:29
108                <action android:name="com.google.firebase.MESSAGING_EVENT" />
108-->[:firebase_messaging] AndroidManifest.xml:24:17-78
108-->[:firebase_messaging] AndroidManifest.xml:24:25-75
109            </intent-filter>
110        </service>
111
112        <receiver
112-->[:firebase_messaging] AndroidManifest.xml:28:9-35:20
113            android:name="io.flutter.plugins.firebase.messaging.FlutterFirebaseMessagingReceiver"
113-->[:firebase_messaging] AndroidManifest.xml:29:13-98
114            android:exported="true"
114-->[:firebase_messaging] AndroidManifest.xml:30:13-36
115            android:permission="com.google.android.c2dm.permission.SEND" >
115-->[:firebase_messaging] AndroidManifest.xml:31:13-73
116            <intent-filter>
116-->[:firebase_messaging] AndroidManifest.xml:32:13-34:29
117                <action android:name="com.google.android.c2dm.intent.RECEIVE" />
117-->[:firebase_messaging] AndroidManifest.xml:33:17-81
117-->[:firebase_messaging] AndroidManifest.xml:33:25-78
118            </intent-filter>
119        </receiver>
120
121        <service
121-->[:firebase_messaging] AndroidManifest.xml:37:9-41:19
122            android:name="com.google.firebase.components.ComponentDiscoveryService"
122-->[:firebase_messaging] AndroidManifest.xml:37:18-89
123            android:directBootAware="true"
123-->[com.google.firebase:firebase-common:21.0.0] AndroidManifest.xml:32:13-43
124            android:exported="false" >
124-->[com.google.firebase:firebase-messaging:24.0.1] AndroidManifest.xml:56:13-37
125            <meta-data
125-->[:firebase_messaging] AndroidManifest.xml:38:13-40:85
126                android:name="com.google.firebase.components:io.flutter.plugins.firebase.messaging.FlutterFirebaseAppRegistrar"
126-->[:firebase_messaging] AndroidManifest.xml:39:17-128
127                android:value="com.google.firebase.components.ComponentRegistrar" />
127-->[:firebase_messaging] AndroidManifest.xml:40:17-82
128            <meta-data
128-->[:firebase_core] AndroidManifest.xml:11:13-13:85
129                android:name="com.google.firebase.components:io.flutter.plugins.firebase.core.FlutterFirebaseCoreRegistrar"
129-->[:firebase_core] AndroidManifest.xml:12:17-124
130                android:value="com.google.firebase.components.ComponentRegistrar" />
130-->[:firebase_core] AndroidManifest.xml:13:17-82
131            <meta-data
131-->[com.google.firebase:firebase-messaging:24.0.1] AndroidManifest.xml:57:13-59:85
132                android:name="com.google.firebase.components:com.google.firebase.messaging.FirebaseMessagingKtxRegistrar"
132-->[com.google.firebase:firebase-messaging:24.0.1] AndroidManifest.xml:58:17-122
133                android:value="com.google.firebase.components.ComponentRegistrar" />
133-->[com.google.firebase:firebase-messaging:24.0.1] AndroidManifest.xml:59:17-82
134            <meta-data
134-->[com.google.firebase:firebase-messaging:24.0.1] AndroidManifest.xml:60:13-62:85
135                android:name="com.google.firebase.components:com.google.firebase.messaging.FirebaseMessagingRegistrar"
135-->[com.google.firebase:firebase-messaging:24.0.1] AndroidManifest.xml:61:17-119
136                android:value="com.google.firebase.components.ComponentRegistrar" />
136-->[com.google.firebase:firebase-messaging:24.0.1] AndroidManifest.xml:62:17-82
137            <meta-data
137-->[com.google.android.gms:play-services-measurement-api:22.1.0] AndroidManifest.xml:37:13-39:85
138                android:name="com.google.firebase.components:com.google.firebase.analytics.connector.internal.AnalyticsConnectorRegistrar"
138-->[com.google.android.gms:play-services-measurement-api:22.1.0] AndroidManifest.xml:38:17-139
139                android:value="com.google.firebase.components.ComponentRegistrar" />
139-->[com.google.android.gms:play-services-measurement-api:22.1.0] AndroidManifest.xml:39:17-82
140            <meta-data
140-->[com.google.firebase:firebase-installations:18.0.0] AndroidManifest.xml:15:13-17:85
141                android:name="com.google.firebase.components:com.google.firebase.installations.FirebaseInstallationsKtxRegistrar"
141-->[com.google.firebase:firebase-installations:18.0.0] AndroidManifest.xml:16:17-130
142                android:value="com.google.firebase.components.ComponentRegistrar" />
142-->[com.google.firebase:firebase-installations:18.0.0] AndroidManifest.xml:17:17-82
143            <meta-data
143-->[com.google.firebase:firebase-installations:18.0.0] AndroidManifest.xml:18:13-20:85
144                android:name="com.google.firebase.components:com.google.firebase.installations.FirebaseInstallationsRegistrar"
144-->[com.google.firebase:firebase-installations:18.0.0] AndroidManifest.xml:19:17-127
145                android:value="com.google.firebase.components.ComponentRegistrar" />
145-->[com.google.firebase:firebase-installations:18.0.0] AndroidManifest.xml:20:17-82
146            <meta-data
146-->[com.google.firebase:firebase-common-ktx:21.0.0] AndroidManifest.xml:12:13-14:85
147                android:name="com.google.firebase.components:com.google.firebase.ktx.FirebaseCommonLegacyRegistrar"
147-->[com.google.firebase:firebase-common-ktx:21.0.0] AndroidManifest.xml:13:17-116
148                android:value="com.google.firebase.components.ComponentRegistrar" />
148-->[com.google.firebase:firebase-common-ktx:21.0.0] AndroidManifest.xml:14:17-82
149            <meta-data
149-->[com.google.firebase:firebase-common:21.0.0] AndroidManifest.xml:35:13-37:85
150                android:name="com.google.firebase.components:com.google.firebase.FirebaseCommonKtxRegistrar"
150-->[com.google.firebase:firebase-common:21.0.0] AndroidManifest.xml:36:17-109
151                android:value="com.google.firebase.components.ComponentRegistrar" />
151-->[com.google.firebase:firebase-common:21.0.0] AndroidManifest.xml:37:17-82
152            <meta-data
152-->[com.google.firebase:firebase-datatransport:18.2.0] AndroidManifest.xml:25:13-27:85
153                android:name="com.google.firebase.components:com.google.firebase.datatransport.TransportRegistrar"
153-->[com.google.firebase:firebase-datatransport:18.2.0] AndroidManifest.xml:26:17-115
154                android:value="com.google.firebase.components.ComponentRegistrar" />
154-->[com.google.firebase:firebase-datatransport:18.2.0] AndroidManifest.xml:27:17-82
155        </service>
156
157        <provider
157-->[:firebase_messaging] AndroidManifest.xml:43:9-47:38
158            android:name="io.flutter.plugins.firebase.messaging.FlutterFirebaseMessagingInitProvider"
158-->[:firebase_messaging] AndroidManifest.xml:44:13-102
159            android:authorities="com.ppmilan.agsolutions.flutterfirebasemessaginginitprovider"
159-->[:firebase_messaging] AndroidManifest.xml:45:13-88
160            android:exported="false"
160-->[:firebase_messaging] AndroidManifest.xml:46:13-37
161            android:initOrder="99" />
161-->[:firebase_messaging] AndroidManifest.xml:47:13-35
162        <provider
162-->[:image_picker_android] AndroidManifest.xml:11:9-19:20
163            android:name="io.flutter.plugins.imagepicker.ImagePickerFileProvider"
163-->[:image_picker_android] AndroidManifest.xml:12:13-82
164            android:authorities="com.ppmilan.agsolutions.flutter.image_provider"
164-->[:image_picker_android] AndroidManifest.xml:13:13-74
165            android:exported="false"
165-->[:image_picker_android] AndroidManifest.xml:14:13-37
166            android:grantUriPermissions="true" >
166-->[:image_picker_android] AndroidManifest.xml:15:13-47
167            <meta-data
167-->[:image_picker_android] AndroidManifest.xml:16:13-18:75
168                android:name="android.support.FILE_PROVIDER_PATHS"
168-->[:image_picker_android] AndroidManifest.xml:17:17-67
169                android:resource="@xml/flutter_image_picker_file_paths" />
169-->[:image_picker_android] AndroidManifest.xml:18:17-72
170        </provider> <!-- Trigger Google Play services to install the backported photo picker module. -->
171        <service
171-->[:image_picker_android] AndroidManifest.xml:21:9-33:19
172            android:name="com.google.android.gms.metadata.ModuleDependencies"
172-->[:image_picker_android] AndroidManifest.xml:22:13-78
173            android:enabled="false"
173-->[:image_picker_android] AndroidManifest.xml:23:13-36
174            android:exported="false" >
174-->[:image_picker_android] AndroidManifest.xml:24:13-37
175            <intent-filter>
175-->[:image_picker_android] AndroidManifest.xml:26:13-28:29
176                <action android:name="com.google.android.gms.metadata.MODULE_DEPENDENCIES" />
176-->[:image_picker_android] AndroidManifest.xml:27:17-94
176-->[:image_picker_android] AndroidManifest.xml:27:25-91
177            </intent-filter>
178
179            <meta-data
179-->[:image_picker_android] AndroidManifest.xml:30:13-32:36
180                android:name="photopicker_activity:0:required"
180-->[:image_picker_android] AndroidManifest.xml:31:17-63
181                android:value="" />
181-->[:image_picker_android] AndroidManifest.xml:32:17-33
182        </service>
183
184        <activity
184-->[:url_launcher_android] AndroidManifest.xml:10:9-13:74
185            android:name="io.flutter.plugins.urllauncher.WebViewActivity"
185-->[:url_launcher_android] AndroidManifest.xml:11:13-74
186            android:exported="false"
186-->[:url_launcher_android] AndroidManifest.xml:12:13-37
187            android:theme="@android:style/Theme.NoTitleBar.Fullscreen" />
187-->[:url_launcher_android] AndroidManifest.xml:13:13-71
188        <!--
189           Declares a provider which allows us to store files to share in
190           '.../caches/share_plus' and grant the receiving action access
191        -->
192        <provider
192-->[:share_plus] AndroidManifest.xml:15:9-23:20
193            android:name="dev.fluttercommunity.plus.share.ShareFileProvider"
193-->[:share_plus] AndroidManifest.xml:16:13-77
194            android:authorities="com.ppmilan.agsolutions.flutter.share_provider"
194-->[:share_plus] AndroidManifest.xml:17:13-74
195            android:exported="false"
195-->[:share_plus] AndroidManifest.xml:18:13-37
196            android:grantUriPermissions="true" >
196-->[:share_plus] AndroidManifest.xml:19:13-47
197            <meta-data
197-->[:image_picker_android] AndroidManifest.xml:16:13-18:75
198                android:name="android.support.FILE_PROVIDER_PATHS"
198-->[:image_picker_android] AndroidManifest.xml:17:17-67
199                android:resource="@xml/flutter_share_file_paths" />
199-->[:image_picker_android] AndroidManifest.xml:18:17-72
200        </provider>
201        <!--
202           This manifest declared broadcast receiver allows us to use an explicit
203           Intent when creating a PendingItent to be informed of the user's choice
204        -->
205        <receiver
205-->[:share_plus] AndroidManifest.xml:28:9-34:20
206            android:name="dev.fluttercommunity.plus.share.SharePlusPendingIntent"
206-->[:share_plus] AndroidManifest.xml:29:13-82
207            android:exported="false" >
207-->[:share_plus] AndroidManifest.xml:30:13-37
208            <intent-filter>
208-->[:share_plus] AndroidManifest.xml:31:13-33:29
209                <action android:name="EXTRA_CHOSEN_COMPONENT" />
209-->[:share_plus] AndroidManifest.xml:32:17-65
209-->[:share_plus] AndroidManifest.xml:32:25-62
210            </intent-filter>
211        </receiver>
212        <receiver
212-->[com.google.firebase:firebase-messaging:24.0.1] AndroidManifest.xml:29:9-40:20
213            android:name="com.google.firebase.iid.FirebaseInstanceIdReceiver"
213-->[com.google.firebase:firebase-messaging:24.0.1] AndroidManifest.xml:30:13-78
214            android:exported="true"
214-->[com.google.firebase:firebase-messaging:24.0.1] AndroidManifest.xml:31:13-36
215            android:permission="com.google.android.c2dm.permission.SEND" >
215-->[com.google.firebase:firebase-messaging:24.0.1] AndroidManifest.xml:32:13-73
216            <intent-filter>
216-->[:firebase_messaging] AndroidManifest.xml:32:13-34:29
217                <action android:name="com.google.android.c2dm.intent.RECEIVE" />
217-->[:firebase_messaging] AndroidManifest.xml:33:17-81
217-->[:firebase_messaging] AndroidManifest.xml:33:25-78
218            </intent-filter>
219
220            <meta-data
220-->[com.google.firebase:firebase-messaging:24.0.1] AndroidManifest.xml:37:13-39:40
221                android:name="com.google.android.gms.cloudmessaging.FINISHED_AFTER_HANDLED"
221-->[com.google.firebase:firebase-messaging:24.0.1] AndroidManifest.xml:38:17-92
222                android:value="true" />
222-->[com.google.firebase:firebase-messaging:24.0.1] AndroidManifest.xml:39:17-37
223        </receiver>
224        <!--
225             FirebaseMessagingService performs security checks at runtime,
226             but set to not exported to explicitly avoid allowing another app to call it.
227        -->
228        <service
228-->[com.google.firebase:firebase-messaging:24.0.1] AndroidManifest.xml:46:9-53:19
229            android:name="com.google.firebase.messaging.FirebaseMessagingService"
229-->[com.google.firebase:firebase-messaging:24.0.1] AndroidManifest.xml:47:13-82
230            android:directBootAware="true"
230-->[com.google.firebase:firebase-messaging:24.0.1] AndroidManifest.xml:48:13-43
231            android:exported="false" >
231-->[com.google.firebase:firebase-messaging:24.0.1] AndroidManifest.xml:49:13-37
232            <intent-filter android:priority="-500" >
232-->[:firebase_messaging] AndroidManifest.xml:23:13-25:29
233                <action android:name="com.google.firebase.MESSAGING_EVENT" />
233-->[:firebase_messaging] AndroidManifest.xml:24:17-78
233-->[:firebase_messaging] AndroidManifest.xml:24:25-75
234            </intent-filter>
235        </service>
236
237        <property
237-->[com.google.android.gms:play-services-measurement-api:22.1.0] AndroidManifest.xml:30:9-32:61
238            android:name="android.adservices.AD_SERVICES_CONFIG"
238-->[com.google.android.gms:play-services-measurement-api:22.1.0] AndroidManifest.xml:31:13-65
239            android:resource="@xml/ga_ad_services_config" />
239-->[com.google.android.gms:play-services-measurement-api:22.1.0] AndroidManifest.xml:32:13-58
240
241        <provider
241-->[com.google.firebase:firebase-common:21.0.0] AndroidManifest.xml:23:9-28:39
242            android:name="com.google.firebase.provider.FirebaseInitProvider"
242-->[com.google.firebase:firebase-common:21.0.0] AndroidManifest.xml:24:13-77
243            android:authorities="com.ppmilan.agsolutions.firebaseinitprovider"
243-->[com.google.firebase:firebase-common:21.0.0] AndroidManifest.xml:25:13-72
244            android:directBootAware="true"
244-->[com.google.firebase:firebase-common:21.0.0] AndroidManifest.xml:26:13-43
245            android:exported="false"
245-->[com.google.firebase:firebase-common:21.0.0] AndroidManifest.xml:27:13-37
246            android:initOrder="100" />
246-->[com.google.firebase:firebase-common:21.0.0] AndroidManifest.xml:28:13-36
247
248        <activity
248-->[com.google.android.gms:play-services-base:18.0.1] AndroidManifest.xml:20:9-22:45
249            android:name="com.google.android.gms.common.api.GoogleApiActivity"
249-->[com.google.android.gms:play-services-base:18.0.1] AndroidManifest.xml:20:19-85
250            android:exported="false"
250-->[com.google.android.gms:play-services-base:18.0.1] AndroidManifest.xml:22:19-43
251            android:theme="@android:style/Theme.Translucent.NoTitleBar" />
251-->[com.google.android.gms:play-services-base:18.0.1] AndroidManifest.xml:21:19-78
252
253        <receiver
253-->[com.google.android.gms:play-services-measurement:22.1.0] AndroidManifest.xml:29:9-33:20
254            android:name="com.google.android.gms.measurement.AppMeasurementReceiver"
254-->[com.google.android.gms:play-services-measurement:22.1.0] AndroidManifest.xml:30:13-85
255            android:enabled="true"
255-->[com.google.android.gms:play-services-measurement:22.1.0] AndroidManifest.xml:31:13-35
256            android:exported="false" >
256-->[com.google.android.gms:play-services-measurement:22.1.0] AndroidManifest.xml:32:13-37
257        </receiver>
258
259        <service
259-->[com.google.android.gms:play-services-measurement:22.1.0] AndroidManifest.xml:35:9-38:40
260            android:name="com.google.android.gms.measurement.AppMeasurementService"
260-->[com.google.android.gms:play-services-measurement:22.1.0] AndroidManifest.xml:36:13-84
261            android:enabled="true"
261-->[com.google.android.gms:play-services-measurement:22.1.0] AndroidManifest.xml:37:13-35
262            android:exported="false" />
262-->[com.google.android.gms:play-services-measurement:22.1.0] AndroidManifest.xml:38:13-37
263        <service
263-->[com.google.android.gms:play-services-measurement:22.1.0] AndroidManifest.xml:39:9-43:72
264            android:name="com.google.android.gms.measurement.AppMeasurementJobService"
264-->[com.google.android.gms:play-services-measurement:22.1.0] AndroidManifest.xml:40:13-87
265            android:enabled="true"
265-->[com.google.android.gms:play-services-measurement:22.1.0] AndroidManifest.xml:41:13-35
266            android:exported="false"
266-->[com.google.android.gms:play-services-measurement:22.1.0] AndroidManifest.xml:42:13-37
267            android:permission="android.permission.BIND_JOB_SERVICE" />
267-->[com.google.android.gms:play-services-measurement:22.1.0] AndroidManifest.xml:43:13-69
268
269        <uses-library
269-->[androidx.privacysandbox.ads:ads-adservices:1.0.0-beta05] AndroidManifest.xml:23:9-25:40
270            android:name="android.ext.adservices"
270-->[androidx.privacysandbox.ads:ads-adservices:1.0.0-beta05] AndroidManifest.xml:24:13-50
271            android:required="false" />
271-->[androidx.privacysandbox.ads:ads-adservices:1.0.0-beta05] AndroidManifest.xml:25:13-37
272        <uses-library
272-->[androidx.window:window:1.0.0-beta04] AndroidManifest.xml:25:9-27:40
273            android:name="androidx.window.extensions"
273-->[androidx.window:window:1.0.0-beta04] AndroidManifest.xml:26:13-54
274            android:required="false" />
274-->[androidx.window:window:1.0.0-beta04] AndroidManifest.xml:27:13-37
275        <uses-library
275-->[androidx.window:window:1.0.0-beta04] AndroidManifest.xml:28:9-30:40
276            android:name="androidx.window.sidecar"
276-->[androidx.window:window:1.0.0-beta04] AndroidManifest.xml:29:13-51
277            android:required="false" />
277-->[androidx.window:window:1.0.0-beta04] AndroidManifest.xml:30:13-37
278
279        <meta-data
279-->[com.google.android.gms:play-services-basement:18.4.0] AndroidManifest.xml:6:9-122
280            android:name="com.google.android.gms.version"
280-->[com.google.android.gms:play-services-basement:18.4.0] AndroidManifest.xml:6:20-65
281            android:value="@integer/google_play_services_version" />
281-->[com.google.android.gms:play-services-basement:18.4.0] AndroidManifest.xml:6:66-119
282
283        <provider
283-->[androidx.profileinstaller:profileinstaller:1.3.0] AndroidManifest.xml:24:9-32:20
284            android:name="androidx.startup.InitializationProvider"
284-->[androidx.profileinstaller:profileinstaller:1.3.0] AndroidManifest.xml:25:13-67
285            android:authorities="com.ppmilan.agsolutions.androidx-startup"
285-->[androidx.profileinstaller:profileinstaller:1.3.0] AndroidManifest.xml:26:13-68
286            android:exported="false" >
286-->[androidx.profileinstaller:profileinstaller:1.3.0] AndroidManifest.xml:27:13-37
287            <meta-data
287-->[androidx.profileinstaller:profileinstaller:1.3.0] AndroidManifest.xml:29:13-31:52
288                android:name="androidx.profileinstaller.ProfileInstallerInitializer"
288-->[androidx.profileinstaller:profileinstaller:1.3.0] AndroidManifest.xml:30:17-85
289                android:value="androidx.startup" />
289-->[androidx.profileinstaller:profileinstaller:1.3.0] AndroidManifest.xml:31:17-49
290        </provider>
291
292        <receiver
292-->[androidx.profileinstaller:profileinstaller:1.3.0] AndroidManifest.xml:34:9-52:20
293            android:name="androidx.profileinstaller.ProfileInstallReceiver"
293-->[androidx.profileinstaller:profileinstaller:1.3.0] AndroidManifest.xml:35:13-76
294            android:directBootAware="false"
294-->[androidx.profileinstaller:profileinstaller:1.3.0] AndroidManifest.xml:36:13-44
295            android:enabled="true"
295-->[androidx.profileinstaller:profileinstaller:1.3.0] AndroidManifest.xml:37:13-35
296            android:exported="true"
296-->[androidx.profileinstaller:profileinstaller:1.3.0] AndroidManifest.xml:38:13-36
297            android:permission="android.permission.DUMP" >
297-->[androidx.profileinstaller:profileinstaller:1.3.0] AndroidManifest.xml:39:13-57
298            <intent-filter>
298-->[androidx.profileinstaller:profileinstaller:1.3.0] AndroidManifest.xml:40:13-42:29